<?xml version="1.0" encoding="UTF-8"?>
<testng-results ignored="0" total="19" passed="19" failed="0" skipped="0">
  <reporter-output>
  </reporter-output>
  <suite started-at="2026-04-27T11:09:39 IST" name="eCommerce Test Suite" finished-at="2026-04-27T11:10:41 IST" duration-ms="62621">
    <groups>
    </groups>
    <test started-at="2026-04-27T11:09:39 IST" name="All Tests" finished-at="2026-04-27T11:10:41 IST" duration-ms="62621">
      <class name="tests.LoginTest">
        <test-method is-config="true" signature="setUp()[pri:0, instance:tests.LoginTest@77888435]" started-at="2026-04-27T11:09:39 IST" name="setUp" finished-at="2026-04-27T11:09:43 IST" duration-ms="4366" status="PASS">
          <reporter-output>
          </reporter-output>
        </test-method> <!-- setUp -->
        <test-method signature="emptyFieldsTest()[pri:0, instance:tests.LoginTest@77888435]" started-at="2026-04-27T11:09:43 IST" name="emptyFieldsTest" description="Empty fields test" finished-at="2026-04-27T11:09:43 IST" duration-ms="276" status="PASS">
          <reporter-output>
          </reporter-output>
        </test-method> <!-- emptyFieldsTest -->
        <test-method is-config="true" signature="tearDown()[pri:0, instance:tests.LoginTest@77888435]" started-at="2026-04-27T11:09:43 IST" name="tearDown" finished-at="2026-04-27T11:09:44 IST" duration-ms="163" status="PASS">
          <reporter-output>
          </reporter-output>
        </test-method> <!-- tearDown -->
        <test-method is-config="true" signature="setUp()[pri:0, instance:tests.LoginTest@77888435]" started-at="2026-04-27T11:09:44 IST" name="setUp" finished-at="2026-04-27T11:09:46 IST" duration-ms="2268" status="PASS">
          <reporter-output>
          </reporter-output>
        </test-method> <!-- setUp -->
        <test-method signature="invalidLoginTest()[pri:0, instance:tests.LoginTest@77888435]" started-at="2026-04-27T11:09:46 IST" name="invalidLoginTest" description="Invalid login test" finished-at="2026-04-27T11:09:46 IST" duration-ms="582" status="PASS">
          <reporter-output>
          </reporter-output>
        </test-method> <!-- invalidLoginTest -->
        <test-method is-config="true" signature="tearDown()[pri:0, instance:tests.LoginTest@77888435]" started-at="2026-04-27T11:09:46 IST" name="tearDown" finished-at="2026-04-27T11:09:47 IST" duration-ms="165" status="PASS">
          <reporter-output>
          </reporter-output>
        </test-method> <!-- tearDown -->
        <test-method is-config="true" signature="setUp()[pri:0, instance:tests.LoginTest@77888435]" started-at="2026-04-27T11:09:47 IST" name="setUp" finished-at="2026-04-27T11:09:48 IST" duration-ms="1520" status="PASS">
          <reporter-output>
          </reporter-output>
        </test-method> <!-- setUp -->
        <test-method signature="lockedUserTest()[pri:0, instance:tests.LoginTest@77888435]" started-at="2026-04-27T11:09:48 IST" name="lockedUserTest" description="Locked user test" finished-at="2026-04-27T11:09:49 IST" duration-ms="558" status="PASS">
          <reporter-output>
          </reporter-output>
        </test-method> <!-- lockedUserTest -->
        <test-method is-config="true" signature="tearDown()[pri:0, instance:tests.LoginTest@77888435]" started-at="2026-04-27T11:09:49 IST" name="tearDown" finished-at="2026-04-27T11:09:49 IST" duration-ms="153" status="PASS">
          <reporter-output>
          </reporter-output>
        </test-method> <!-- tearDown -->
        <test-method is-config="true" signature="setUp()[pri:0, instance:tests.LoginTest@77888435]" started-at="2026-04-27T11:09:49 IST" name="setUp" finished-at="2026-04-27T11:09:50 IST" duration-ms="1453" status="PASS">
          <reporter-output>
          </reporter-output>
        </test-method> <!-- setUp -->
        <test-method signature="validLoginTest()[pri:0, instance:tests.LoginTest@77888435]" started-at="2026-04-27T11:09:50 IST" name="validLoginTest" description="Valid login test" finished-at="2026-04-27T11:09:51 IST" duration-ms="611" status="PASS">
          <reporter-output>
          </reporter-output>
        </test-method> <!-- validLoginTest -->
        <test-method is-config="true" signature="tearDown()[pri:0, instance:tests.LoginTest@77888435]" started-at="2026-04-27T11:09:51 IST" name="tearDown" finished-at="2026-04-27T11:09:51 IST" duration-ms="187" status="PASS">
          <reporter-output>
          </reporter-output>
        </test-method> <!-- tearDown -->
      </class> <!-- tests.LoginTest -->
      <class name="tests.CartTest">
        <test-method is-config="true" signature="setUp()[pri:0, instance:tests.CartTest@385c9627]" started-at="2026-04-27T11:10:07 IST" name="setUp" finished-at="2026-04-27T11:10:08 IST" duration-ms="1357" status="PASS">
          <reporter-output>
          </reporter-output>
        </test-method> <!-- setUp -->
        <test-method signature="continueShoppingTest()[pri:0, instance:tests.CartTest@385c9627]" started-at="2026-04-27T11:10:08 IST" name="continueShoppingTest" description="Continue shopping" finished-at="2026-04-27T11:10:09 IST" duration-ms="945" status="PASS">
          <reporter-output>
          </reporter-output>
        </test-method> <!-- continueShoppingTest -->
        <test-method is-config="true" signature="tearDown()[pri:0, instance:tests.CartTest@385c9627]" started-at="2026-04-27T11:10:09 IST" name="tearDown" finished-at="2026-04-27T11:10:09 IST" duration-ms="155" status="PASS">
          <reporter-output>
          </reporter-output>
        </test-method> <!-- tearDown -->
        <test-method is-config="true" signature="setUp()[pri:0, instance:tests.CartTest@385c9627]" started-at="2026-04-27T11:10:09 IST" name="setUp" finished-at="2026-04-27T11:10:11 IST" duration-ms="1380" status="PASS">
          <reporter-output>
          </reporter-output>
        </test-method> <!-- setUp -->
        <test-method signature="removeItemFromCartTest()[pri:0, instance:tests.CartTest@385c9627]" started-at="2026-04-27T11:10:11 IST" name="removeItemFromCartTest" description="Remove item from cart" finished-at="2026-04-27T11:10:22 IST" duration-ms="10970" status="PASS">
          <reporter-output>
          </reporter-output>
        </test-method> <!-- removeItemFromCartTest -->
        <test-method is-config="true" signature="tearDown()[pri:0, instance:tests.CartTest@385c9627]" started-at="2026-04-27T11:10:22 IST" name="tearDown" finished-at="2026-04-27T11:10:22 IST" duration-ms="164" status="PASS">
          <reporter-output>
          </reporter-output>
        </test-method> <!-- tearDown -->
        <test-method is-config="true" signature="setUp()[pri:0, instance:tests.CartTest@385c9627]" started-at="2026-04-27T11:10:22 IST" name="setUp" finished-at="2026-04-27T11:10:23 IST" duration-ms="1398" status="PASS">
          <reporter-output>
          </reporter-output>
        </test-method> <!-- setUp -->
        <test-method signature="verifyCartCountTest()[pri:0, instance:tests.CartTest@385c9627]" started-at="2026-04-27T11:10:23 IST" name="verifyCartCountTest" description="Verify cart count" finished-at="2026-04-27T11:10:24 IST" duration-ms="904" status="PASS">
          <reporter-output>
          </reporter-output>
        </test-method> <!-- verifyCartCountTest -->
        <test-method is-config="true" signature="tearDown()[pri:0, instance:tests.CartTest@385c9627]" started-at="2026-04-27T11:10:24 IST" name="tearDown" finished-at="2026-04-27T11:10:24 IST" duration-ms="159" status="PASS">
          <reporter-output>
          </reporter-output>
        </test-method> <!-- tearDown -->
        <test-method is-config="true" signature="setUp()[pri:0, instance:tests.CartTest@385c9627]" started-at="2026-04-27T11:10:24 IST" name="setUp" finished-at="2026-04-27T11:10:26 IST" duration-ms="1318" status="PASS">
          <reporter-output>
          </reporter-output>
        </test-method> <!-- setUp -->
        <test-method signature="verifyItemInCartTest()[pri:0, instance:tests.CartTest@385c9627]" started-at="2026-04-27T11:10:26 IST" name="verifyItemInCartTest" description="Verify item in cart" finished-at="2026-04-27T11:10:27 IST" duration-ms="776" status="PASS">
          <reporter-output>
          </reporter-output>
        </test-method> <!-- verifyItemInCartTest -->
        <test-method is-config="true" signature="tearDown()[pri:0, instance:tests.CartTest@385c9627]" started-at="2026-04-27T11:10:27 IST" name="tearDown" finished-at="2026-04-27T11:10:27 IST" duration-ms="171" status="PASS">
          <reporter-output>
          </reporter-output>
        </test-method> <!-- tearDown -->
      </class> <!-- tests.CartTest -->
      <class name="tests.ProductTest">
        <test-method is-config="true" signature="setUp()[pri:0, instance:tests.ProductTest@6989da5e]" started-at="2026-04-27T11:09:51 IST" name="setUp" finished-at="2026-04-27T11:09:53 IST" duration-ms="1560" status="PASS">
          <reporter-output>
          </reporter-output>
        </test-method> <!-- setUp -->
        <test-method signature="addMultipleProductsTest()[pri:0, instance:tests.ProductTest@6989da5e]" started-at="2026-04-27T11:09:53 IST" name="addMultipleProductsTest" description="Add multiple products" finished-at="2026-04-27T11:09:54 IST" duration-ms="1002" status="PASS">
          <reporter-output>
          </reporter-output>
        </test-method> <!-- addMultipleProductsTest -->
        <test-method is-config="true" signature="tearDown()[pri:0, instance:tests.ProductTest@6989da5e]" started-at="2026-04-27T11:09:54 IST" name="tearDown" finished-at="2026-04-27T11:09:54 IST" duration-ms="194" status="PASS">
          <reporter-output>
          </reporter-output>
        </test-method> <!-- tearDown -->
        <test-method is-config="true" signature="setUp()[pri:0, instance:tests.ProductTest@6989da5e]" started-at="2026-04-27T11:09:54 IST" name="setUp" finished-at="2026-04-27T11:09:55 IST" duration-ms="1481" status="PASS">
          <reporter-output>
          </reporter-output>
        </test-method> <!-- setUp -->
        <test-method signature="addProductToCartTest()[pri:0, instance:tests.ProductTest@6989da5e]" started-at="2026-04-27T11:09:55 IST" name="addProductToCartTest" description="Add product to cart" finished-at="2026-04-27T11:09:56 IST" duration-ms="821" status="PASS">
          <reporter-output>
          </reporter-output>
        </test-method> <!-- addProductToCartTest -->
        <test-method is-config="true" signature="tearDown()[pri:0, instance:tests.ProductTest@6989da5e]" started-at="2026-04-27T11:09:56 IST" name="tearDown" finished-at="2026-04-27T11:09:56 IST" duration-ms="164" status="PASS">
          <reporter-output>
          </reporter-output>
        </test-method> <!-- tearDown -->
        <test-method is-config="true" signature="setUp()[pri:0, instance:tests.ProductTest@6989da5e]" started-at="2026-04-27T11:09:56 IST" name="setUp" finished-at="2026-04-27T11:09:58 IST" duration-ms="1597" status="PASS">
          <reporter-output>
          </reporter-output>
        </test-method> <!-- setUp -->
        <test-method signature="sortAtoZTest()[pri:0, instance:tests.ProductTest@6989da5e]" started-at="2026-04-27T11:09:58 IST" name="sortAtoZTest" description="Sort A to Z" finished-at="2026-04-27T11:09:59 IST" duration-ms="689" status="PASS">
          <reporter-output>
          </reporter-output>
        </test-method> <!-- sortAtoZTest -->
        <test-method is-config="true" signature="tearDown()[pri:0, instance:tests.ProductTest@6989da5e]" started-at="2026-04-27T11:09:59 IST" name="tearDown" finished-at="2026-04-27T11:09:59 IST" duration-ms="165" status="PASS">
          <reporter-output>
          </reporter-output>
        </test-method> <!-- tearDown -->
        <test-method is-config="true" signature="setUp()[pri:0, instance:tests.ProductTest@6989da5e]" started-at="2026-04-27T11:09:59 IST" name="setUp" finished-at="2026-04-27T11:10:01 IST" duration-ms="2250" status="PASS">
          <reporter-output>
          </reporter-output>
        </test-method> <!-- setUp -->
        <test-method signature="sortPriceLowHighTest()[pri:0, instance:tests.ProductTest@6989da5e]" started-at="2026-04-27T11:10:01 IST" name="sortPriceLowHighTest" description="Sort price low to high" finished-at="2026-04-27T11:10:02 IST" duration-ms="677" status="PASS">
          <reporter-output>
          </reporter-output>
        </test-method> <!-- sortPriceLowHighTest -->
        <test-method is-config="true" signature="tearDown()[pri:0, instance:tests.ProductTest@6989da5e]" started-at="2026-04-27T11:10:02 IST" name="tearDown" finished-at="2026-04-27T11:10:02 IST" duration-ms="156" status="PASS">
          <reporter-output>
          </reporter-output>
        </test-method> <!-- tearDown -->
        <test-method is-config="true" signature="setUp()[pri:0, instance:tests.ProductTest@6989da5e]" started-at="2026-04-27T11:10:02 IST" name="setUp" finished-at="2026-04-27T11:10:03 IST" duration-ms="1595" status="PASS">
          <reporter-output>
          </reporter-output>
        </test-method> <!-- setUp -->
        <test-method signature="sortZtoATest()[pri:0, instance:tests.ProductTest@6989da5e]" started-at="2026-04-27T11:10:03 IST" name="sortZtoATest" description="Sort Z to A" finished-at="2026-04-27T11:10:04 IST" duration-ms="731" status="PASS">
          <reporter-output>
          </reporter-output>
        </test-method> <!-- sortZtoATest -->
        <test-method is-config="true" signature="tearDown()[pri:0, instance:tests.ProductTest@6989da5e]" started-at="2026-04-27T11:10:04 IST" name="tearDown" finished-at="2026-04-27T11:10:04 IST" duration-ms="195" status="PASS">
          <reporter-output>
          </reporter-output>
        </test-method> <!-- tearDown -->
        <test-method is-config="true" signature="setUp()[pri:0, instance:tests.ProductTest@6989da5e]" started-at="2026-04-27T11:10:04 IST" name="setUp" finished-at="2026-04-27T11:10:06 IST" duration-ms="1664" status="PASS">
          <reporter-output>
          </reporter-output>
        </test-method> <!-- setUp -->
        <test-method signature="verifyProductsPageTest()[pri:0, instance:tests.ProductTest@6989da5e]" started-at="2026-04-27T11:10:06 IST" name="verifyProductsPageTest" description="Verify products page" finished-at="2026-04-27T11:10:07 IST" duration-ms="772" status="PASS">
          <reporter-output>
          </reporter-output>
        </test-method> <!-- verifyProductsPageTest -->
        <test-method is-config="true" signature="tearDown()[pri:0, instance:tests.ProductTest@6989da5e]" started-at="2026-04-27T11:10:07 IST" name="tearDown" finished-at="2026-04-27T11:10:07 IST" duration-ms="160" status="PASS">
          <reporter-output>
          </reporter-output>
        </test-method> <!-- tearDown -->
      </class> <!-- tests.ProductTest -->
      <class name="tests.CheckoutTest">
        <test-method is-config="true" signature="setUp()[pri:0, instance:tests.CheckoutTest@139982de]" started-at="2026-04-27T11:10:27 IST" name="setUp" finished-at="2026-04-27T11:10:28 IST" duration-ms="1520" status="PASS">
          <reporter-output>
          </reporter-output>
        </test-method> <!-- setUp -->
        <test-method signature="completeCheckoutTest()[pri:0, instance:tests.CheckoutTest@139982de]" started-at="2026-04-27T11:10:28 IST" name="completeCheckoutTest" description="Complete E2E checkout" finished-at="2026-04-27T11:10:30 IST" duration-ms="1500" status="PASS">
          <reporter-output>
          </reporter-output>
        </test-method> <!-- completeCheckoutTest -->
        <test-method is-config="true" signature="tearDown()[pri:0, instance:tests.CheckoutTest@139982de]" started-at="2026-04-27T11:10:30 IST" name="tearDown" finished-at="2026-04-27T11:10:30 IST" duration-ms="162" status="PASS">
          <reporter-output>
          </reporter-output>
        </test-method> <!-- tearDown -->
        <test-method is-config="true" signature="setUp()[pri:0, instance:tests.CheckoutTest@139982de]" started-at="2026-04-27T11:10:30 IST" name="setUp" finished-at="2026-04-27T11:10:31 IST" duration-ms="1401" status="PASS">
          <reporter-output>
          </reporter-output>
        </test-method> <!-- setUp -->
        <test-method signature="emptyFirstNameTest()[pri:0, instance:tests.CheckoutTest@139982de]" started-at="2026-04-27T11:10:31 IST" name="emptyFirstNameTest" description="Empty first name" finished-at="2026-04-27T11:10:33 IST" duration-ms="1296" status="PASS">
          <reporter-output>
          </reporter-output>
        </test-method> <!-- emptyFirstNameTest -->
        <test-method is-config="true" signature="tearDown()[pri:0, instance:tests.CheckoutTest@139982de]" started-at="2026-04-27T11:10:33 IST" name="tearDown" finished-at="2026-04-27T11:10:33 IST" duration-ms="139" status="PASS">
          <reporter-output>
          </reporter-output>
        </test-method> <!-- tearDown -->
        <test-method is-config="true" signature="setUp()[pri:0, instance:tests.CheckoutTest@139982de]" started-at="2026-04-27T11:10:33 IST" name="setUp" finished-at="2026-04-27T11:10:34 IST" duration-ms="1386" status="PASS">
          <reporter-output>
          </reporter-output>
        </test-method> <!-- setUp -->
        <test-method signature="emptyLastNameTest()[pri:0, instance:tests.CheckoutTest@139982de]" started-at="2026-04-27T11:10:34 IST" name="emptyLastNameTest" description="Empty last name" finished-at="2026-04-27T11:10:35 IST" duration-ms="1296" status="PASS">
          <reporter-output>
          </reporter-output>
        </test-method> <!-- emptyLastNameTest -->
        <test-method is-config="true" signature="tearDown()[pri:0, instance:tests.CheckoutTest@139982de]" started-at="2026-04-27T11:10:35 IST" name="tearDown" finished-at="2026-04-27T11:10:36 IST" duration-ms="123" status="PASS">
          <reporter-output>
          </reporter-output>
        </test-method> <!-- tearDown -->
        <test-method is-config="true" signature="setUp()[pri:0, instance:tests.CheckoutTest@139982de]" started-at="2026-04-27T11:10:36 IST" name="setUp" finished-at="2026-04-27T11:10:37 IST" duration-ms="1513" status="PASS">
          <reporter-output>
          </reporter-output>
        </test-method> <!-- setUp -->
        <test-method signature="emptyPostalCodeTest()[pri:0, instance:tests.CheckoutTest@139982de]" started-at="2026-04-27T11:10:37 IST" name="emptyPostalCodeTest" description="Empty postal code" finished-at="2026-04-27T11:10:38 IST" duration-ms="1286" status="PASS">
          <reporter-output>
          </reporter-output>
        </test-method> <!-- emptyPostalCodeTest -->
        <test-method is-config="true" signature="tearDown()[pri:0, instance:tests.CheckoutTest@139982de]" started-at="2026-04-27T11:10:38 IST" name="tearDown" finished-at="2026-04-27T11:10:38 IST" duration-ms="135" status="PASS">
          <reporter-output>
          </reporter-output>
        </test-method> <!-- tearDown -->
        <test-method is-config="true" signature="setUp()[pri:0, instance:tests.CheckoutTest@139982de]" started-at="2026-04-27T11:10:38 IST" name="setUp" finished-at="2026-04-27T11:10:40 IST" duration-ms="1351" status="PASS">
          <reporter-output>
          </reporter-output>
        </test-method> <!-- setUp -->
        <test-method signature="verifyOrderSummaryTest()[pri:0, instance:tests.CheckoutTest@139982de]" started-at="2026-04-27T11:10:40 IST" name="verifyOrderSummaryTest" description="Verify order summary" finished-at="2026-04-27T11:10:41 IST" duration-ms="1382" status="PASS">
          <reporter-output>
          </reporter-output>
        </test-method> <!-- verifyOrderSummaryTest -->
        <test-method is-config="true" signature="tearDown()[pri:0, instance:tests.CheckoutTest@139982de]" started-at="2026-04-27T11:10:41 IST" name="tearDown" finished-at="2026-04-27T11:10:41 IST" duration-ms="163" status="PASS">
          <reporter-output>
          </reporter-output>
        </test-method> <!-- tearDown -->
      </class> <!-- tests.CheckoutTest -->
    </test> <!-- All Tests -->
  </suite> <!-- eCommerce Test Suite -->
</testng-results>
