<?xml version="1.0" encoding="UTF-8"?>
<!-- Generated by org.testng.reporters.JUnitReportReporter -->
<testsuite hostname="DESKTOP-22O9FQC" failures="0" tests="4" name="tests.CartTest" time="19.697" errors="0" timestamp="2026-04-27T11:10:41 IST" skipped="0">
  <testcase classname="tests.CartTest" name="removeItemFromCartTest" time="12.452"/>
  <testcase classname="tests.CartTest" name="continueShoppingTest" time="2.502"/>
  <testcase classname="tests.CartTest" name="verifyCartCountTest" time="2.432"/>
  <testcase classname="tests.CartTest" name="verifyItemInCartTest" time="2.311"/>
</testsuite> <!-- tests.CartTest -->
