<?xml version="1.0" encoding="UTF-8"?>
<!-- Generated by org.testng.reporters.JUnitReportReporter -->
<testsuite hostname="DESKTOP-22O9FQC" failures="0" tests="4" name="tests.LoginTest" time="12.302" errors="0" timestamp="2026-04-27T11:10:41 IST" skipped="0">
  <testcase classname="tests.LoginTest" name="emptyFieldsTest" time="1.949"/>
  <testcase classname="tests.LoginTest" name="validLoginTest" time="5.140"/>
  <testcase classname="tests.LoginTest" name="lockedUserTest" time="2.176"/>
  <testcase classname="tests.LoginTest" name="invalidLoginTest" time="3.037"/>
</testsuite> <!-- tests.LoginTest -->
