<?xml version="1.0" encoding="UTF-8"?>
<!-- Generated by org.testng.reporters.JUnitReportReporter -->
<testsuite hostname="DESKTOP-22O9FQC" failures="0" tests="6" name="tests.ProductTest" time="15.873" errors="0" timestamp="2026-04-27T11:10:41 IST" skipped="0">
  <testcase classname="tests.ProductTest" name="sortPriceLowHighTest" time="2.397"/>
  <testcase classname="tests.ProductTest" name="addMultipleProductsTest" time="2.793"/>
  <testcase classname="tests.ProductTest" name="sortAtoZTest" time="3.103"/>
  <testcase classname="tests.ProductTest" name="verifyProductsPageTest" time="2.592"/>
  <testcase classname="tests.ProductTest" name="addProductToCartTest" time="2.467"/>
  <testcase classname="tests.ProductTest" name="sortZtoATest" time="2.521"/>
</testsuite> <!-- tests.ProductTest -->
