<?xml version="1.0" encoding="UTF-8"?>
<!-- Generated by org.testng.reporters.JUnitReportReporter -->
<testsuite hostname="DESKTOP-22O9FQC" failures="0" tests="5" name="tests.CheckoutTest" time="14.653" errors="0" timestamp="2026-04-27T11:10:41 IST" skipped="0">
  <testcase classname="tests.CheckoutTest" name="emptyLastNameTest" time="2.782"/>
  <testcase classname="tests.CheckoutTest" name="completeCheckoutTest" time="3.064"/>
  <testcase classname="tests.CheckoutTest" name="verifyOrderSummaryTest" time="3.064"/>
  <testcase classname="tests.CheckoutTest" name="emptyFirstNameTest" time="2.821"/>
  <testcase classname="tests.CheckoutTest" name="emptyPostalCodeTest" time="2.922"/>
</testsuite> <!-- tests.CheckoutTest -->
