<?xml version="1.0" encoding="UTF-8"?>
<!-- Generated by org.testng.reporters.JUnitXMLReporter -->
<testsuite ignored="0" hostname="DESKTOP-22O9FQC" failures="0" tests="19" name="All Tests" time="62.621" errors="0" timestamp="2026-04-27T11:10:41 IST">
  <testcase classname="tests.LoginTest" name="emptyFieldsTest" time="0.276"/>
  <testcase classname="tests.LoginTest" name="invalidLoginTest" time="0.582"/>
  <testcase classname="tests.LoginTest" name="lockedUserTest" time="0.558"/>
  <testcase classname="tests.LoginTest" name="validLoginTest" time="0.611"/>
  <testcase classname="tests.ProductTest" name="addMultipleProductsTest" time="1.002"/>
  <testcase classname="tests.ProductTest" name="addProductToCartTest" time="0.821"/>
  <testcase classname="tests.ProductTest" name="sortAtoZTest" time="0.689"/>
  <testcase classname="tests.ProductTest" name="sortPriceLowHighTest" time="0.677"/>
  <testcase classname="tests.ProductTest" name="sortZtoATest" time="0.731"/>
  <testcase classname="tests.ProductTest" name="verifyProductsPageTest" time="0.772"/>
  <testcase classname="tests.CartTest" name="continueShoppingTest" time="0.945"/>
  <testcase classname="tests.CartTest" name="removeItemFromCartTest" time="10.97"/>
  <testcase classname="tests.CartTest" name="verifyCartCountTest" time="0.904"/>
  <testcase classname="tests.CartTest" name="verifyItemInCartTest" time="0.776"/>
  <testcase classname="tests.CheckoutTest" name="completeCheckoutTest" time="1.5"/>
  <testcase classname="tests.CheckoutTest" name="emptyFirstNameTest" time="1.296"/>
  <testcase classname="tests.CheckoutTest" name="emptyLastNameTest" time="1.296"/>
  <testcase classname="tests.CheckoutTest" name="emptyPostalCodeTest" time="1.286"/>
  <testcase classname="tests.CheckoutTest" name="verifyOrderSummaryTest" time="1.382"/>
</testsuite> <!-- All Tests -->
