<?xml version="1.0" encoding="UTF-8"?>
<!-- Generated by org.testng.reporters.JUnitXMLReporter -->
<testsuite ignored="0" hostname="DESKTOP-22O9FQC" failures="0" tests="4" name="Login Tests" time="17.594" errors="0" timestamp="2026-04-27T10:14:57 IST">
  <testcase classname="tests.LoginTest" name="emptyFieldsTest" time="0.74"/>
  <testcase classname="tests.LoginTest" name="invalidLoginTest" time="1.372"/>
  <testcase classname="tests.LoginTest" name="lockedUserTest" time="1.423"/>
  <testcase classname="tests.LoginTest" name="validLoginTest" time="1.477"/>
</testsuite> <!-- Login Tests -->
