<?xml version="1.0" encoding="UTF-8"?>
<!-- Generated by org.testng.reporters.JUnitXMLReporter -->
<testsuite ignored="4" hostname="DESKTOP-22O9FQC" failures="0" tests="0" time="0.037" errors="0" timestamp="2026-04-27T10:11:49 IST">
  <testcase classname="tests.LoginTest" name="emptyFieldsTest" time="0.0">
    <ignored/>
  </testcase> <!-- emptyFieldsTest -->
  <testcase classname="tests.LoginTest" name="validLoginTest" time="0.0">
    <ignored/>
  </testcase> <!-- validLoginTest -->
  <testcase classname="tests.LoginTest" name="invalidLoginTest" time="0.0">
    <ignored/>
  </testcase> <!-- invalidLoginTest -->
  <testcase classname="tests.LoginTest" name="lockedUserTest" time="0.0">
    <ignored/>
  </testcase> <!-- lockedUserTest -->
</testsuite>
